CRITICAL - 2022-02-15 20:47:38 --> Invalid argument supplied for foreach()
#0 F:\UKK\app\Views\catatan_perjalanan.php(29): CodeIgniter\Debug\Exceptions->errorHandler(2, 'Invalid argumen...', 'F:\\UKK\\app\\View...', 29, Array)
#1 F:\UKK\system\View\View.php(210): include('F:\\UKK\\app\\View...')
#2 F:\UKK\system\View\View.php(213): CodeIgniter\View\View->CodeIgniter\View\{closure}()
#3 F:\UKK\system\Common.php(1089): CodeIgniter\View\View->render('catatan_perjala...', Array, true)
#4 F:\UKK\app\Controllers\CatatanPerjalanan.php(28): view('catatan_perjala...', Array)
#5 F:\UKK\system\CodeIgniter.php(825): App\Controllers\CatatanPerjalanan->index()
#6 F:\UKK\system\CodeIgniter.php(412): CodeIgniter\CodeIgniter->runController(Object(App\Controllers\CatatanPerjalanan))
#7 F:\UKK\system\CodeIgniter.php(320): CodeIgniter\CodeIgniter->handleRequest(NULL, Object(Config\Cache), false)
#8 F:\UKK\public\index.php(37): CodeIgniter\CodeIgniter->run()
#9 F:\UKK\system\Commands\Server\rewrite.php(43): require_once('F:\\UKK\\public\\i...')
#10 {main}
CRITICAL - 2022-02-15 21:01:59 --> Invalid argument supplied for foreach()
#0 F:\UKK\app\Views\catatan_perjalanan.php(29): CodeIgniter\Debug\Exceptions->errorHandler(2, 'Invalid argumen...', 'F:\\UKK\\app\\View...', 29, Array)
#1 F:\UKK\system\View\View.php(210): include('F:\\UKK\\app\\View...')
#2 F:\UKK\system\View\View.php(213): CodeIgniter\View\View->CodeIgniter\View\{closure}()
#3 F:\UKK\system\Common.php(1089): CodeIgniter\View\View->render('catatan_perjala...', Array, true)
#4 F:\UKK\app\Controllers\CatatanPerjalanan.php(28): view('catatan_perjala...', Array)
#5 F:\UKK\system\CodeIgniter.php(825): App\Controllers\CatatanPerjalanan->index()
#6 F:\UKK\system\CodeIgniter.php(412): CodeIgniter\CodeIgniter->runController(Object(App\Controllers\CatatanPerjalanan))
#7 F:\UKK\system\CodeIgniter.php(320): CodeIgniter\CodeIgniter->handleRequest(NULL, Object(Config\Cache), false)
#8 F:\UKK\public\index.php(37): CodeIgniter\CodeIgniter->run()
#9 F:\UKK\system\Commands\Server\rewrite.php(43): require_once('F:\\UKK\\public\\i...')
#10 {main}
CRITICAL - 2022-02-15 21:02:45 --> Invalid argument supplied for foreach()
#0 F:\UKK\app\Views\catatan_perjalanan.php(29): CodeIgniter\Debug\Exceptions->errorHandler(2, 'Invalid argumen...', 'F:\\UKK\\app\\View...', 29, Array)
#1 F:\UKK\system\View\View.php(210): include('F:\\UKK\\app\\View...')
#2 F:\UKK\system\View\View.php(213): CodeIgniter\View\View->CodeIgniter\View\{closure}()
#3 F:\UKK\system\Common.php(1089): CodeIgniter\View\View->render('catatan_perjala...', Array, true)
#4 F:\UKK\app\Controllers\CatatanPerjalanan.php(28): view('catatan_perjala...', Array)
#5 F:\UKK\system\CodeIgniter.php(825): App\Controllers\CatatanPerjalanan->index()
#6 F:\UKK\system\CodeIgniter.php(412): CodeIgniter\CodeIgniter->runController(Object(App\Controllers\CatatanPerjalanan))
#7 F:\UKK\system\CodeIgniter.php(320): CodeIgniter\CodeIgniter->handleRequest(NULL, Object(Config\Cache), false)
#8 F:\UKK\public\index.php(37): CodeIgniter\CodeIgniter->run()
#9 F:\UKK\system\Commands\Server\rewrite.php(43): require_once('F:\\UKK\\public\\i...')
#10 {main}
CRITICAL - 2022-02-15 21:05:50 --> Invalid argument supplied for foreach()
#0 F:\UKK\app\Views\catatan_perjalanan.php(29): CodeIgniter\Debug\Exceptions->errorHandler(2, 'Invalid argumen...', 'F:\\UKK\\app\\View...', 29, Array)
#1 F:\UKK\system\View\View.php(210): include('F:\\UKK\\app\\View...')
#2 F:\UKK\system\View\View.php(213): CodeIgniter\View\View->CodeIgniter\View\{closure}()
#3 F:\UKK\system\Common.php(1089): CodeIgniter\View\View->render('catatan_perjala...', Array, true)
#4 F:\UKK\app\Controllers\CatatanPerjalanan.php(28): view('catatan_perjala...', Array)
#5 F:\UKK\system\CodeIgniter.php(825): App\Controllers\CatatanPerjalanan->index()
#6 F:\UKK\system\CodeIgniter.php(412): CodeIgniter\CodeIgniter->runController(Object(App\Controllers\CatatanPerjalanan))
#7 F:\UKK\system\CodeIgniter.php(320): CodeIgniter\CodeIgniter->handleRequest(NULL, Object(Config\Cache), false)
#8 F:\UKK\public\index.php(37): CodeIgniter\CodeIgniter->run()
#9 F:\UKK\system\Commands\Server\rewrite.php(43): require_once('F:\\UKK\\public\\i...')
#10 {main}
CRITICAL - 2022-02-15 21:09:13 --> syntax error, unexpected 'endforeach' (T_ENDFOREACH), expecting end of file
#0 F:\UKK\system\View\View.php(213): CodeIgniter\View\View->CodeIgniter\View\{closure}()
#1 F:\UKK\system\Common.php(1089): CodeIgniter\View\View->render('catatan_perjala...', Array, true)
#2 F:\UKK\app\Controllers\CatatanPerjalanan.php(28): view('catatan_perjala...', Array)
#3 F:\UKK\system\CodeIgniter.php(825): App\Controllers\CatatanPerjalanan->index()
#4 F:\UKK\system\CodeIgniter.php(412): CodeIgniter\CodeIgniter->runController(Object(App\Controllers\CatatanPerjalanan))
#5 F:\UKK\system\CodeIgniter.php(320): CodeIgniter\CodeIgniter->handleRequest(NULL, Object(Config\Cache), false)
#6 F:\UKK\public\index.php(37): CodeIgniter\CodeIgniter->run()
#7 F:\UKK\system\Commands\Server\rewrite.php(43): require_once('F:\\UKK\\public\\i...')
#8 {main}
CRITICAL - 2022-02-15 21:09:42 --> Invalid argument supplied for foreach()
#0 F:\UKK\app\Views\catatan_perjalanan.php(29): CodeIgniter\Debug\Exceptions->errorHandler(2, 'Invalid argumen...', 'F:\\UKK\\app\\View...', 29, Array)
#1 F:\UKK\system\View\View.php(210): include('F:\\UKK\\app\\View...')
#2 F:\UKK\system\View\View.php(213): CodeIgniter\View\View->CodeIgniter\View\{closure}()
#3 F:\UKK\system\Common.php(1089): CodeIgniter\View\View->render('catatan_perjala...', Array, true)
#4 F:\UKK\app\Controllers\CatatanPerjalanan.php(28): view('catatan_perjala...', Array)
#5 F:\UKK\system\CodeIgniter.php(825): App\Controllers\CatatanPerjalanan->index()
#6 F:\UKK\system\CodeIgniter.php(412): CodeIgniter\CodeIgniter->runController(Object(App\Controllers\CatatanPerjalanan))
#7 F:\UKK\system\CodeIgniter.php(320): CodeIgniter\CodeIgniter->handleRequest(NULL, Object(Config\Cache), false)
#8 F:\UKK\public\index.php(37): CodeIgniter\CodeIgniter->run()
#9 F:\UKK\system\Commands\Server\rewrite.php(43): require_once('F:\\UKK\\public\\i...')
#10 {main}
